15:25:31:999 (4711): ************** WELCOME TO KERNEL V1.0! (PID: 4711) ***************

15:25:31:2 (4711): Se inicializa el kernel con parametros desde: kernel.conf
15:25:32:10 (4711): Se ENVIA por SOCKET:9 - HEADER:KERNEL_TO_MSP_HANDSHAKE  MENSAJE:"" 
15:25:32:11 (4711): Se ha establecido conexion con el proceso MSP
15:25:32:11 (4711): Se ENVIA por SOCKET:9 - HEADER:KRN_TO_MSP_MEM_REQ  MENSAJE:"[-1,332]" 
15:25:32:13 (4711): Estoy en espera
15:25:32:27 (4711): Se RECIBE por SOCKET:9 - HEADER:MSP_TO_KERNEL_SEGMENTO_CREADO  MENSAJE:"2097152" 
15:25:32:27 (4711): Se ENVIA por SOCKET:9 - HEADER:KRN_TO_MSP_ENVIAR_BYTES  MENSAJE:"[-1,332,2097152]" 
15:25:32:27 (4711): Estoy en espera
15:25:32:39 (4711): Se RECIBE por SOCKET:9 - HEADER:MSP_TO_KERNEL_ENVIO_BYTES  MENSAJE:"Ahora esperamos el buffer de escritura del proceso -1" 
15:25:32:39 (4711): respuesta de la msp: Ahora esperamos el buffer de escritura del proceso -1
15:25:32:39 (4711): Estoy en espera
15:25:32:45 (4711): Se RECIBE por SOCKET:9 - HEADER:MSP_TO_KERNEL_ENVIO_BYTES  MENSAJE:"0" 
15:25:32:45 (4711): Bloqueamos el proceso Kernel
15:25:32:262 (4711): **************Ready Queue Manager Thread Started (PID: 4724) ***************
15:25:32:307 (4711): ************** Exit Manager Thread Started (TID: 4725) ***************
15:25:41:674 (4711): Se intentó poner en ejecución un nuevo programa, pero no había ninguno en READY. :/
15:25:41:674 (4711): CPU (PID: 13) aguarda instrucciones!
15:25:45:654 (4711): Se ENVIA por SOCKET:9 - HEADER:KRN_TO_MSP_MEM_REQ  MENSAJE:"[14,39]" 
15:25:45:654 (4711): Estoy en espera
15:25:45:659 (4711): Se RECIBE por SOCKET:9 - HEADER:MSP_TO_KERNEL_SEGMENTO_CREADO  MENSAJE:"2097152" 
15:25:45:659 (4711): Se ENVIA por SOCKET:9 - HEADER:KRN_TO_MSP_MEM_REQ  MENSAJE:"[14,100]" 
15:25:45:660 (4711): Estoy en espera
15:25:45:661 (4711): Se RECIBE por SOCKET:9 - HEADER:MSP_TO_KERNEL_SEGMENTO_CREADO  MENSAJE:"2097152" 
15:25:45:661 (4711): Se ENVIA por SOCKET:9 - HEADER:KRN_TO_MSP_ENVIAR_BYTES  MENSAJE:"[14,39,2097152]" 
15:25:45:662 (4711): Estoy en espera
15:25:45:664 (4711): Se RECIBE por SOCKET:9 - HEADER:MSP_TO_KERNEL_ENVIO_BYTES  MENSAJE:"Ahora esperamos el buffer de escritura del proceso 14" 
15:25:45:664 (4711): respuesta de la msp: Ahora esperamos el buffer de escritura del proceso 14
15:25:45:664 (4711): Estoy en espera
15:25:45:666 (4711): Se RECIBE por SOCKET:9 - HEADER:MSP_TO_KERNEL_ENVIO_BYTES  MENSAJE:"1" 
15:25:45:666 (4711): Queue Manager Thread Says: Un nuevo proceso listo! Voy a pasarlo a ejecución!
15:25:45:667 (4711): El proceso (PID: 14) era Nuevo y está Listo para ejecutarse en Procesador PID: 13
15:25:45:667 (4711): Procede a ejecutarse el proceso (PID: 14) en Procesador PID: 13
15:25:45:667 (4711): Se ENVIA por SOCKET:13 - HEADER:KERNEL_TO_CPU_TCB MENSAJE:"[14, 0, 0, 2097152, 39, 0, 2097152, 0,0,0,0,0,0]" 
15:25:45:671 (4711): Se envía un TCB al CPU libre elegido
15:25:45:729 (4711): Procede a ejecutarse el proceso (PID: 14) en Procesador PID: 13
15:25:45:730 (4711): Se ENVIA por SOCKET:13 - HEADER:KERNEL_TO_CPU_TCB MENSAJE:"[14, 0, 1, 2097152, 332, 0, 0, 0,4,0,0,0,0]" 
15:25:45:730 (4711): Se envía un TCB al CPU libre elegido
15:26:11:306 (4711): Procede a ejecutarse el proceso (PID: 14) en Procesador PID: 13
15:26:11:307 (4711): Se ENVIA por SOCKET:13 - HEADER:KERNEL_TO_CPU_TCB MENSAJE:"[14, 0, 0, 2097152, 39, 17, 2097152, 0,2097152,0,0,0,0]" 
15:26:11:311 (4711): Se envía un TCB al CPU libre elegido
15:26:11:334 (4711): Queue Manager Thread Says: Un nuevo proceso listo! Voy a pasarlo a ejecución!
15:26:11:334 (4711): Procede a ejecutarse el proceso (PID: 14) en Procesador PID: 13
15:26:11:334 (4711): Se ENVIA por SOCKET:13 - HEADER:KERNEL_TO_CPU_TCB MENSAJE:"[14, 0, 1, 2097152, 332, 28, 0, 0,2097152,0,0,0,0]" 
15:26:11:335 (4711): Se envía un TCB al CPU libre elegido
15:26:11:335 (4711): Se intentó poner en ejecución un nuevo programa, pero no había ninguno en READY. :/
