15:20:54:120 (4533): ************** Comienza el planificador!(PID: 4542) ***************
15:21:02:690 (4533): selectserver: new connection from 127.0.0.1 on socket 13

15:21:02:708 (4533): Planificador Thread dice: Nuevo CPU conectado (PID: 13) aguarda instrucciones
15:21:29:33 (4533): El hilo del Planificador dice: Cpu libre, espera instrucciones (PID: 13) aguarda instrucciones
15:21:29:147 (4533): recibi el tcb porque finalizo proceso por XXXX
15:21:41:7 (4533): El hilo del Planificador dice: Cpu libre, espera instrucciones (PID: 13) aguarda instrucciones
15:21:41:46 (4533): El hilo del Planificador dice: Cpu libre, espera instrucciones (PID: 13) aguarda instrucciones
15:23:02:20 (4616): ************** Comienza el planificador!(PID: 4629) ***************
15:23:31:913 (4616): selectserver: new connection from 127.0.0.1 on socket 13

15:23:31:923 (4616): Planificador Thread dice: Nuevo CPU conectado (PID: 13) aguarda instrucciones
15:23:36:731 (4616): El hilo del Planificador dice: Cpu libre, espera instrucciones (PID: 13) aguarda instrucciones
15:23:36:800 (4616): recibi el tcb porque finalizo proceso por XXXX
15:23:49:411 (4616): El hilo del Planificador dice: Cpu libre, espera instrucciones (PID: 13) aguarda instrucciones
15:24:29:561 (4616): El hilo del Planificador dice: Cpu libre, espera instrucciones (PID: 13) aguarda instrucciones
15:25:32:201 (4711): ************** Comienza el planificador!(PID: 4722) ***************
15:25:41:664 (4711): selectserver: new connection from 127.0.0.1 on socket 13

15:25:41:674 (4711): Planificador Thread dice: Nuevo CPU conectado (PID: 13) aguarda instrucciones
15:25:45:729 (4711): El hilo del Planificador dice: Cpu libre, espera instrucciones (PID: 13) aguarda instrucciones
15:25:45:814 (4711): recibi el tcb porque finalizo proceso por XXXX
15:25:45:814 (4711): El hilo del Planificador dice: Cpu libre, espera instrucciones (PID: 13) aguarda instrucciones
15:26:11:333 (4711): El hilo del Planificador dice: Cpu libre, espera instrucciones (PID: 13) aguarda instrucciones
