16:33:31:28 (8365): ************** El Thread del Loder comenzó!(PID: 8369) ***************
16:50:41:385 (8365): selectserver: new connection from 127.0.0.1 on socket 12

16:50:41:395 (8365): Se ENVIA por SOCKET:12 - HEADER:PRG_TO_KRN_HANDSHAKE MENSAJE:"KERNEL - Handshake Response" 
16:50:41:414 (8365): Se ENVIA por SOCKET:12 - HEADER:PRG_TO_KRN_CODE  MENSAJE:"Se espera el codigo BESO..." 
16:50:41:452 (8365): Se generó la estructura del proceso con éxito!
16:53:19:92 (8899): ************** El Thread del Loder comenzó!(PID: 8903) ***************
16:54:40:170 (8899): selectserver: new connection from 127.0.0.1 on socket 11

16:54:40:184 (8899): Se ENVIA por SOCKET:11 - HEADER:PRG_TO_KRN_HANDSHAKE MENSAJE:"KERNEL - Handshake Response" 
16:54:40:197 (8899): Se ENVIA por SOCKET:11 - HEADER:PRG_TO_KRN_CODE  MENSAJE:"Se espera el codigo BESO..." 
16:54:40:239 (8899): Se generó la estructura del proceso con éxito!
17:18:22:958 (9455): ************** El Thread del Loder comenzó!(PID: 9459) ***************
17:18:34:316 (9455): selectserver: new connection from 127.0.0.1 on socket 12

17:18:34:323 (9455): Se ENVIA por SOCKET:12 - HEADER:PRG_TO_KRN_HANDSHAKE MENSAJE:"KERNEL - Handshake Response" 
17:18:34:339 (9455): Se ENVIA por SOCKET:12 - HEADER:PRG_TO_KRN_CODE  MENSAJE:"Se espera el codigo BESO..." 
17:18:34:370 (9455): Se generó la estructura del proceso con éxito!
17:20:33:165 (9549): ************** El Thread del Loder comenzó!(PID: 9553) ***************
17:20:59:898 (9549): selectserver: new connection from 127.0.0.1 on socket 12

17:20:59:908 (9549): Se ENVIA por SOCKET:12 - HEADER:PRG_TO_KRN_HANDSHAKE MENSAJE:"KERNEL - Handshake Response" 
17:20:59:917 (9549): Se ENVIA por SOCKET:12 - HEADER:PRG_TO_KRN_CODE  MENSAJE:"Se espera el codigo BESO..." 
17:20:59:959 (9549): Se generó la estructura del proceso con éxito!
17:23:31:19 (9549): El socket 12 cerró la conexion.
17:23:51:161 (9661): ************** El Thread del Loder comenzó!(PID: 9665) ***************
17:24:30:482 (9661): selectserver: new connection from 127.0.0.1 on socket 12

17:24:30:490 (9661): Se ENVIA por SOCKET:12 - HEADER:PRG_TO_KRN_HANDSHAKE MENSAJE:"KERNEL - Handshake Response" 
17:24:30:503 (9661): Se ENVIA por SOCKET:12 - HEADER:PRG_TO_KRN_CODE  MENSAJE:"Se espera el codigo BESO..." 
17:24:30:548 (9661): Se generó la estructura del proceso con éxito!
17:28:59:575 (9834): ************** El Thread del Loder comenzó!(PID: 9838) ***************
17:29:16:915 (9834): selectserver: new connection from 127.0.0.1 on socket 12

17:29:16:928 (9834): Se ENVIA por SOCKET:12 - HEADER:PRG_TO_KRN_HANDSHAKE MENSAJE:"KERNEL - Handshake Response" 
17:29:16:938 (9834): Se ENVIA por SOCKET:12 - HEADER:PRG_TO_KRN_CODE  MENSAJE:"Se espera el codigo BESO..." 
17:29:16:979 (9834): Se generó la estructura del proceso con éxito!
17:31:11:916 (9899): ************** El Thread del Loder comenzó!(PID: 9903) ***************
17:31:20:990 (9899): selectserver: new connection from 127.0.0.1 on socket 12

17:31:20:996 (9899): Se ENVIA por SOCKET:12 - HEADER:PRG_TO_KRN_HANDSHAKE MENSAJE:"KERNEL - Handshake Response" 
17:31:21:6 (9899): Se ENVIA por SOCKET:12 - HEADER:PRG_TO_KRN_CODE  MENSAJE:"Se espera el codigo BESO..." 
17:31:21:42 (9899): Se generó la estructura del proceso con éxito!
17:33:25:756 (10050): ************** El Thread del Loder comenzó!(PID: 10054) ***************
17:33:34:142 (10050): selectserver: new connection from 127.0.0.1 on socket 12

17:33:34:154 (10050): Se ENVIA por SOCKET:12 - HEADER:PRG_TO_KRN_HANDSHAKE MENSAJE:"KERNEL - Handshake Response" 
17:33:34:168 (10050): Se ENVIA por SOCKET:12 - HEADER:PRG_TO_KRN_CODE  MENSAJE:"Se espera el codigo BESO..." 
17:33:34:210 (10050): Se generó la estructura del proceso con éxito!
17:35:09:177 (10050): El socket 12 cerró la conexion.
17:35:32:207 (10139): ************** El Thread del Loder comenzó!(PID: 10143) ***************
17:35:39:346 (10139): selectserver: new connection from 127.0.0.1 on socket 12

17:35:39:354 (10139): Se ENVIA por SOCKET:12 - HEADER:PRG_TO_KRN_HANDSHAKE MENSAJE:"KERNEL - Handshake Response" 
17:35:39:365 (10139): Se ENVIA por SOCKET:12 - HEADER:PRG_TO_KRN_CODE  MENSAJE:"Se espera el codigo BESO..." 
17:35:39:417 (10139): Se generó la estructura del proceso con éxito!
17:37:10:885 (10200): ************** El Thread del Loder comenzó!(PID: 10204) ***************
17:37:17:657 (10200): selectserver: new connection from 127.0.0.1 on socket 12

17:37:17:669 (10200): Se ENVIA por SOCKET:12 - HEADER:PRG_TO_KRN_HANDSHAKE MENSAJE:"KERNEL - Handshake Response" 
17:37:17:684 (10200): Se ENVIA por SOCKET:12 - HEADER:PRG_TO_KRN_CODE  MENSAJE:"Se espera el codigo BESO..." 
17:37:17:736 (10200): Se generó la estructura del proceso con éxito!
17:41:28:28 (10307): ************** El Thread del Loder comenzó!(PID: 10311) ***************
17:41:37:858 (10307): selectserver: new connection from 127.0.0.1 on socket 12

17:41:37:864 (10307): Se ENVIA por SOCKET:12 - HEADER:PRG_TO_KRN_HANDSHAKE MENSAJE:"KERNEL - Handshake Response" 
17:41:37:877 (10307): Se ENVIA por SOCKET:12 - HEADER:PRG_TO_KRN_CODE  MENSAJE:"Se espera el codigo BESO..." 
17:41:38:51 (10307): Se generó la estructura del proceso con éxito!
17:43:39:549 (10373): ************** El Thread del Loder comenzó!(PID: 10377) ***************
17:43:45:825 (10373): selectserver: new connection from 127.0.0.1 on socket 12

17:43:45:831 (10373): Se ENVIA por SOCKET:12 - HEADER:PRG_TO_KRN_HANDSHAKE MENSAJE:"KERNEL - Handshake Response" 
17:43:45:849 (10373): Se ENVIA por SOCKET:12 - HEADER:PRG_TO_KRN_CODE  MENSAJE:"Se espera el codigo BESO..." 
17:43:45:887 (10373): Se generó la estructura del proceso con éxito!
17:44:39:616 (10444): ************** El Thread del Loder comenzó!(PID: 10448) ***************
17:44:45:765 (10444): selectserver: new connection from 127.0.0.1 on socket 12

17:44:45:774 (10444): Se ENVIA por SOCKET:12 - HEADER:PRG_TO_KRN_HANDSHAKE MENSAJE:"KERNEL - Handshake Response" 
17:44:45:794 (10444): Se ENVIA por SOCKET:12 - HEADER:PRG_TO_KRN_CODE  MENSAJE:"Se espera el codigo BESO..." 
17:44:45:835 (10444): Se generó la estructura del proceso con éxito!
